<?xml version="1.0" encoding="UTF-8"?>
<!-- Generated by org.testng.reporters.JUnitReportReporter -->
<testsuite hostname="Mahesh" name="myPack.Manish" tests="6" failures="0" timestamp="22 Sep 2020 02:25:31 GMT" time="31.595" errors="0">
  <testcase name="editLocation" time="0.000" classname="myPack.Manish"/>
  <testcase name="verifyLogin" time="6.547" classname="myPack.Manish"/>
  <testcase name="addLocation" time="0.000" classname="myPack.Manish"/>
  <testcase name="editEmp" time="0.000" classname="myPack.Manish"/>
  <testcase name="addEmp" time="25.047" classname="myPack.Manish"/>
  <testcase name="deleteLocation" time="0.001" classname="myPack.Manish"/>
</testsuite> <!-- myPack.Manish -->
